\\hd.ad.syr.edu\03\5b410b\documents\visual studio 2015\projects\remote-codepublisher\remote-codepublisher\parser\debug\parser.pdb
\\hd.ad.syr.edu\03\5b410b\documents\visual studio 2015\projects\remote-codepublisher\remote-codepublisher\parser\debug\parser.idb
\\hd.ad.syr.edu\03\5b410b\documents\visual studio 2015\projects\remote-codepublisher\remote-codepublisher\parser\debug\abstrsyntree.obj
\\hd.ad.syr.edu\03\5b410b\documents\visual studio 2015\projects\remote-codepublisher\remote-codepublisher\parser\debug\filesystem.obj
\\hd.ad.syr.edu\03\5b410b\documents\visual studio 2015\projects\remote-codepublisher\remote-codepublisher\parser\debug\grammarhelpers.obj
\\hd.ad.syr.edu\03\5b410b\documents\visual studio 2015\projects\remote-codepublisher\remote-codepublisher\parser\debug\logger.obj
\\hd.ad.syr.edu\03\5b410b\documents\visual studio 2015\projects\remote-codepublisher\remote-codepublisher\parser\debug\scopestack.obj
\\hd.ad.syr.edu\03\5b410b\documents\visual studio 2015\projects\remote-codepublisher\remote-codepublisher\parser\debug\semiexp.obj
\\hd.ad.syr.edu\03\5b410b\documents\visual studio 2015\projects\remote-codepublisher\remote-codepublisher\parser\debug\tokenizer.obj
\\hd.ad.syr.edu\03\5b410b\documents\visual studio 2015\projects\remote-codepublisher\remote-codepublisher\parser\debug\utilities.obj
\\hd.ad.syr.edu\03\5b410b\documents\visual studio 2015\projects\remote-codepublisher\remote-codepublisher\parser\debug\actionsandrules.obj
\\hd.ad.syr.edu\03\5b410b\documents\visual studio 2015\projects\remote-codepublisher\remote-codepublisher\parser\debug\configureparser.obj
\\hd.ad.syr.edu\03\5b410b\documents\visual studio 2015\projects\remote-codepublisher\remote-codepublisher\parser\debug\parser.obj
\\hd.ad.syr.edu\03\5b410b\documents\visual studio 2015\projects\remote-codepublisher\remote-codepublisher\debug\parser.lib
\\hd.ad.syr.edu\03\5b410b\documents\visual studio 2015\projects\remote-codepublisher\remote-codepublisher\debug\parser.pdb
\\hd.ad.syr.edu\03\5b410b\documents\visual studio 2015\projects\remote-codepublisher\remote-codepublisher\parser\debug\parser.tlog\cl.command.1.tlog
\\hd.ad.syr.edu\03\5b410b\documents\visual studio 2015\projects\remote-codepublisher\remote-codepublisher\parser\debug\parser.tlog\cl.read.1.tlog
\\hd.ad.syr.edu\03\5b410b\documents\visual studio 2015\projects\remote-codepublisher\remote-codepublisher\parser\debug\parser.tlog\cl.write.1.tlog
\\hd.ad.syr.edu\03\5b410b\documents\visual studio 2015\projects\remote-codepublisher\remote-codepublisher\parser\debug\parser.tlog\lib-link.read.1.tlog
\\hd.ad.syr.edu\03\5b410b\documents\visual studio 2015\projects\remote-codepublisher\remote-codepublisher\parser\debug\parser.tlog\lib-link.write.1.tlog
\\hd.ad.syr.edu\03\5b410b\documents\visual studio 2015\projects\remote-codepublisher\remote-codepublisher\parser\debug\parser.tlog\lib.command.1.tlog
