\\hd.ad.syr.edu\03\5b410b\documents\visual studio 2015\projects\remote-codepublisher\remote-codepublisher\mockchannel\debug\vc140.pdb
\\hd.ad.syr.edu\03\5b410b\documents\visual studio 2015\projects\remote-codepublisher\remote-codepublisher\mockchannel\debug\vc140.idb
\\hd.ad.syr.edu\03\5b410b\documents\visual studio 2015\projects\remote-codepublisher\remote-codepublisher\mockchannel\debug\channelparts.obj
\\hd.ad.syr.edu\03\5b410b\documents\visual studio 2015\projects\remote-codepublisher\remote-codepublisher\mockchannel\debug\client.obj
\\hd.ad.syr.edu\03\5b410b\documents\visual studio 2015\projects\remote-codepublisher\remote-codepublisher\mockchannel\debug\filesystem.obj
\\hd.ad.syr.edu\03\5b410b\documents\visual studio 2015\projects\remote-codepublisher\remote-codepublisher\mockchannel\debug\httpmessage.obj
\\hd.ad.syr.edu\03\5b410b\documents\visual studio 2015\projects\remote-codepublisher\remote-codepublisher\mockchannel\debug\logger.obj
\\hd.ad.syr.edu\03\5b410b\documents\visual studio 2015\projects\remote-codepublisher\remote-codepublisher\mockchannel\debug\sockets.obj
\\hd.ad.syr.edu\03\5b410b\documents\visual studio 2015\projects\remote-codepublisher\remote-codepublisher\mockchannel\debug\utilities.obj
\\hd.ad.syr.edu\03\5b410b\documents\visual studio 2015\projects\remote-codepublisher\remote-codepublisher\mockchannel\debug\cpp11-blockingqueue.obj
\\hd.ad.syr.edu\03\5b410b\documents\visual studio 2015\projects\remote-codepublisher\remote-codepublisher\mockchannel\debug\mockchannel.obj
\\hd.ad.syr.edu\03\5b410b\documents\visual studio 2015\projects\remote-codepublisher\remote-codepublisher\debug\mockchannel.ilk
\\hd.ad.syr.edu\03\5b410b\documents\visual studio 2015\projects\remote-codepublisher\remote-codepublisher\debug\mockchannel.dll
\\hd.ad.syr.edu\03\5b410b\documents\visual studio 2015\projects\remote-codepublisher\remote-codepublisher\debug\mockchannel.pdb
\\hd.ad.syr.edu\03\5b410b\documents\visual studio 2015\projects\remote-codepublisher\remote-codepublisher\debug\mockchannel.lib
\\hd.ad.syr.edu\03\5b410b\documents\visual studio 2015\projects\remote-codepublisher\remote-codepublisher\debug\mockchannel.exp
\\hd.ad.syr.edu\03\5b410b\documents\visual studio 2015\projects\remote-codepublisher\remote-codepublisher\mockchannel\debug\mockchannel.tlog\cl.command.1.tlog
\\hd.ad.syr.edu\03\5b410b\documents\visual studio 2015\projects\remote-codepublisher\remote-codepublisher\mockchannel\debug\mockchannel.tlog\cl.read.1.tlog
\\hd.ad.syr.edu\03\5b410b\documents\visual studio 2015\projects\remote-codepublisher\remote-codepublisher\mockchannel\debug\mockchannel.tlog\cl.write.1.tlog
\\hd.ad.syr.edu\03\5b410b\documents\visual studio 2015\projects\remote-codepublisher\remote-codepublisher\mockchannel\debug\mockchannel.tlog\link.command.1.tlog
\\hd.ad.syr.edu\03\5b410b\documents\visual studio 2015\projects\remote-codepublisher\remote-codepublisher\mockchannel\debug\mockchannel.tlog\link.read.1.tlog
\\hd.ad.syr.edu\03\5b410b\documents\visual studio 2015\projects\remote-codepublisher\remote-codepublisher\mockchannel\debug\mockchannel.tlog\link.write.1.tlog
\\hd.ad.syr.edu\03\5b410b\documents\visual studio 2015\projects\remote-codepublisher\remote-codepublisher\mockchannel\debug\mockchannel.tlog\mockchannel.write.1u.tlog
